13145982492719
19943407851030
10947756339430
19702915335060
7411969879879
12919691503536
9744228990710
19497098536416
10285868514184
10425236819220
8018745154981
9737278205913
6654166704665
4197272079348
18238529135859
16138105908080
16715514174214
7708888735578
71688164011
9000633324651
3620379867016
13377756674592
19798913122520
8647049419572
27639635411385
19169296575521
2327472989838
3796681395352
24012864795657
23760469587046
24732710090361
9415348437139
6687425966368
4750046525670
6610620320882
13059966958931
8293667246872
18869904989698
3627887948376
11661059611584
2898623326825
8246738527055
11615686142400
8822142672288
17005806514900
12778180702665
5507974879239
25353991613248
12470725548061
15066744716527
